app/build/intermediates/manifest_merge_blame_file/release/manifest-merger-blame-release-report.txt
1<?xml version="1.0" encoding="utf-8"?>
2<manifest xmlns:android="http://schemas.android.com/apk/res/android"
3    package="com.jayaraj.CrazyChat7"
4    android:versionCode="7"
5    android:versionName="1.6" >
6
7    <uses-sdk
8        android:minSdkVersion="21"
8-->src\main\AndroidManifest.xml
9        android:targetSdkVersion="33" />
9-->src\main\AndroidManifest.xml
10
11    <uses-permission android:name="android.permission.BLUETOOTH_CONNECT" />
11-->src\main\AndroidManifest.xml:5:5-76
11-->src\main\AndroidManifest.xml:5:22-73
12    <uses-permission android:name="android.permission.BLUETOOTH_SCAN" />
12-->src\main\AndroidManifest.xml:6:5-73
12-->src\main\AndroidManifest.xml:6:22-70
13    <uses-permission android:name="android.permission.INTERNET" />
13-->src\main\AndroidManifest.xml:7:5-67
13-->src\main\AndroidManifest.xml:7:22-64
14    <uses-permission android:name="android.permission.ACCESS_NETWORK_STATE" />
14-->src\main\AndroidManifest.xml:8:5-79
14-->src\main\AndroidManifest.xml:8:22-76
15    <uses-permission android:name="android.permission.POST_NOTIFICATIONS" />
15-->src\main\AndroidManifest.xml:9:5-77
15-->src\main\AndroidManifest.xml:9:22-74
16    <uses-permission android:name="android.permission.READ_EXTERNAL_STORAGE" />
16-->src\main\AndroidManifest.xml:10:5-80
16-->src\main\AndroidManifest.xml:10:22-77
17    <uses-permission android:name="android.permission.WRITE_EXTERNAL_STORAGE" />
17-->src\main\AndroidManifest.xml:11:5-13:40
17-->src\main\AndroidManifest.xml:12:9-65
18    <uses-permission android:name="android.permission.RECORD_AUDIO" />
18-->src\main\AndroidManifest.xml:14:5-71
18-->src\main\AndroidManifest.xml:14:22-68
19    <uses-permission android:name="android.permission.READ_CONTACTS" />
19-->src\main\AndroidManifest.xml:15:5-72
19-->src\main\AndroidManifest.xml:15:22-69
20    <uses-permission android:name="android.permission.RECEIVE_BOOT_COMPLETED" />
20-->src\main\AndroidManifest.xml:16:5-81
20-->src\main\AndroidManifest.xml:16:22-78
21    <uses-permission android:name="android.permission.BROADCAST_STICKY" />
21-->src\main\AndroidManifest.xml:17:5-75
21-->src\main\AndroidManifest.xml:17:22-72
22    <uses-permission android:name="android.permission.WAKE_LOCK" />
22-->src\main\AndroidManifest.xml:18:5-68
22-->src\main\AndroidManifest.xml:18:22-65
23    <uses-permission android:name="android.permission.FOREGROUND_SERVICE" />
23-->[androidx.work:work-runtime:2.7.1] AndroidManifest.xml:28:5-77
23-->[androidx.work:work-runtime:2.7.1] AndroidManifest.xml:28:22-74
24
25    <permission
25-->[androidx.core:core:1.9.0] AndroidManifest.xml:22:5-24:47
26        android:name="com.jayaraj.CrazyChat7.DYNAMIC_RECEIVER_NOT_EXPORTED_PERMISSION"
26-->[androidx.core:core:1.9.0] AndroidManifest.xml:23:9-81
27        android:protectionLevel="signature" />
27-->[androidx.core:core:1.9.0] AndroidManifest.xml:24:9-44
28
29    <uses-permission android:name="com.jayaraj.CrazyChat7.DYNAMIC_RECEIVER_NOT_EXPORTED_PERMISSION" />
29-->[androidx.core:core:1.9.0] AndroidManifest.xml:26:5-97
29-->[androidx.core:core:1.9.0] AndroidManifest.xml:26:22-94
30
31    <application
31-->src\main\AndroidManifest.xml:20:5-263:19
32        android:allowBackup="true"
32-->src\main\AndroidManifest.xml:21:9-35
33        android:appComponentFactory="androidx.core.app.CoreComponentFactory"
33-->[androidx.core:core:1.9.0] AndroidManifest.xml:28:18-86
34        android:debuggable="false"
34-->src\main\AndroidManifest.xml:22:9-35
35        android:icon="@drawable/app_icon"
35-->src\main\AndroidManifest.xml:23:9-42
36        android:label="@string/app_name"
36-->src\main\AndroidManifest.xml:24:9-41
37        android:largeHeap="true"
37-->src\main\AndroidManifest.xml:25:9-33
38        android:requestLegacyExternalStorage="true"
38-->src\main\AndroidManifest.xml:26:9-52
39        android:supportsRtl="true"
39-->[com.github.hkk595:Resizer:v1.5] AndroidManifest.xml:14:9-35
40        android:theme="@style/AppTheme"
40-->src\main\AndroidManifest.xml:27:9-40
41        android:usesCleartextTraffic="true" >
41-->src\main\AndroidManifest.xml:28:9-44
42        <activity
42-->src\main\AndroidManifest.xml:33:9-65:20
43            android:name="com.jayaraj.CrazyChat7.ReciveData.SendDataActivity"
43-->src\main\AndroidManifest.xml:34:13-56
44            android:exported="true" >
44-->src\main\AndroidManifest.xml:35:13-36
45            <meta-data
45-->src\main\AndroidManifest.xml:36:13-38:36
46                android:name="android.app.lib_name"
46-->src\main\AndroidManifest.xml:37:17-52
47                android:value="" />
47-->src\main\AndroidManifest.xml:38:17-33
48
49            <intent-filter>
49-->src\main\AndroidManifest.xml:40:13-47:29
50                <action android:name="android.intent.action.SEND" />
50-->src\main\AndroidManifest.xml:41:17-69
50-->src\main\AndroidManifest.xml:41:25-66
51
52                <category android:name="android.intent.category.DEFAULT" />
52-->src\main\AndroidManifest.xml:43:17-76
52-->src\main\AndroidManifest.xml:43:27-73
53                <category android:name="android.intent.category.BROWSABLE" />
53-->src\main\AndroidManifest.xml:44:17-78
53-->src\main\AndroidManifest.xml:44:27-75
54
55                <data android:mimeType="text/plain" />
55-->src\main\AndroidManifest.xml:46:17-55
55-->src\main\AndroidManifest.xml:46:23-52
56            </intent-filter>
57            <intent-filter>
57-->src\main\AndroidManifest.xml:48:13-54:29
58                <action android:name="android.intent.action.SEND_MULTIPLE" />
58-->src\main\AndroidManifest.xml:49:17-78
58-->src\main\AndroidManifest.xml:49:25-75
59
60                <category android:name="android.intent.category.DEFAULT" />
60-->src\main\AndroidManifest.xml:43:17-76
60-->src\main\AndroidManifest.xml:43:27-73
61
62                <data android:mimeType="*/*" />
62-->src\main\AndroidManifest.xml:46:17-55
62-->src\main\AndroidManifest.xml:46:23-52
63            </intent-filter>
64            <intent-filter>
64-->src\main\AndroidManifest.xml:55:13-64:29
65                <action android:name="android.intent.action.SEND" />
65-->src\main\AndroidManifest.xml:41:17-69
65-->src\main\AndroidManifest.xml:41:25-66
66
67                <category android:name="android.intent.category.DEFAULT" />
67-->src\main\AndroidManifest.xml:43:17-76
67-->src\main\AndroidManifest.xml:43:27-73
68                <category android:name="android.intent.category.BROWSABLE" />
68-->src\main\AndroidManifest.xml:44:17-78
68-->src\main\AndroidManifest.xml:44:27-75
69
70                <data
70-->src\main\AndroidManifest.xml:46:17-55
71                    android:mimeType="*/*"
71-->src\main\AndroidManifest.xml:46:23-52
72                    android:scheme="file" />
72-->src\main\AndroidManifest.xml:63:21-42
73            </intent-filter>
74        </activity>
75        <activity
75-->src\main\AndroidManifest.xml:66:9-72:20
76            android:name="com.jayaraj.CrazyChat7.J.DeveloperActivity"
76-->src\main\AndroidManifest.xml:67:13-48
77            android:exported="false" >
77-->src\main\AndroidManifest.xml:68:13-37
78            <meta-data
78-->src\main\AndroidManifest.xml:36:13-38:36
79                android:name="android.app.lib_name"
79-->src\main\AndroidManifest.xml:37:17-52
80                android:value="" />
80-->src\main\AndroidManifest.xml:38:17-33
81        </activity>
82        <activity
82-->src\main\AndroidManifest.xml:73:9-79:20
83            android:name="com.jayaraj.CrazyChat7.OtherActs.ChatHomeProfileActivity"
83-->src\main\AndroidManifest.xml:74:13-62
84            android:exported="false" >
84-->src\main\AndroidManifest.xml:75:13-37
85            <meta-data
85-->src\main\AndroidManifest.xml:36:13-38:36
86                android:name="android.app.lib_name"
86-->src\main\AndroidManifest.xml:37:17-52
87                android:value="" />
87-->src\main\AndroidManifest.xml:38:17-33
88        </activity>
89        <activity
89-->src\main\AndroidManifest.xml:80:9-86:20
90            android:name="com.jayaraj.CrazyChat7.OtherActs.ThemeActivity"
90-->src\main\AndroidManifest.xml:81:13-52
91            android:exported="false" >
91-->src\main\AndroidManifest.xml:82:13-37
92            <meta-data
92-->src\main\AndroidManifest.xml:36:13-38:36
93                android:name="android.app.lib_name"
93-->src\main\AndroidManifest.xml:37:17-52
94                android:value="" />
94-->src\main\AndroidManifest.xml:38:17-33
95        </activity>
96        <activity
96-->src\main\AndroidManifest.xml:87:9-94:20
97            android:name="com.jayaraj.CrazyChat7.OtherActs.SettingsActivity"
97-->src\main\AndroidManifest.xml:88:13-55
98            android:exported="false"
98-->src\main\AndroidManifest.xml:89:13-37
99            android:label="@string/title_activity_settings" >
99-->src\main\AndroidManifest.xml:90:13-60
100            <meta-data
100-->src\main\AndroidManifest.xml:36:13-38:36
101                android:name="android.app.lib_name"
101-->src\main\AndroidManifest.xml:37:17-52
102                android:value="" />
102-->src\main\AndroidManifest.xml:38:17-33
103        </activity>
104        <activity
104-->src\main\AndroidManifest.xml:95:9-108:20
105            android:name="com.jayaraj.CrazyChat7.MainActivity"
105-->src\main\AndroidManifest.xml:96:13-41
106            android:configChanges="orientation|screenSize|keyboardHidden|smallestScreenSize|screenLayout"
106-->src\main\AndroidManifest.xml:97:13-106
107            android:exported="true"
107-->src\main\AndroidManifest.xml:98:13-36
108            android:hardwareAccelerated="true"
108-->src\main\AndroidManifest.xml:99:13-47
109            android:supportsPictureInPicture="true"
109-->src\main\AndroidManifest.xml:100:13-52
110            android:windowSoftInputMode="stateHidden" >
110-->src\main\AndroidManifest.xml:101:13-54
111            <intent-filter>
111-->src\main\AndroidManifest.xml:103:13-107:29
112                <action android:name="android.intent.action.MAIN" />
112-->src\main\AndroidManifest.xml:104:17-69
112-->src\main\AndroidManifest.xml:104:25-66
113
114                <category android:name="android.intent.category.LAUNCHER" />
114-->src\main\AndroidManifest.xml:106:17-77
114-->src\main\AndroidManifest.xml:106:27-74
115            </intent-filter>
116        </activity>
117        <activity
117-->src\main\AndroidManifest.xml:109:9-115:35
118            android:name="com.jayaraj.CrazyChat7.LoginActs.IntroActivity"
118-->src\main\AndroidManifest.xml:110:13-52
119            android:configChanges="orientation|screenSize|keyboardHidden|smallestScreenSize|screenLayout"
119-->src\main\AndroidManifest.xml:111:13-106
120            android:hardwareAccelerated="true"
120-->src\main\AndroidManifest.xml:112:13-47
121            android:supportsPictureInPicture="true"
121-->src\main\AndroidManifest.xml:113:13-52
122            android:windowSoftInputMode="stateHidden" />
122-->src\main\AndroidManifest.xml:114:13-54
123        <activity
123-->src\main\AndroidManifest.xml:116:9-123:35
124            android:name="com.jayaraj.CrazyChat7.LoginActs.OtpLoginActivity"
124-->src\main\AndroidManifest.xml:117:13-55
125            android:configChanges="orientation|screenSize|keyboardHidden|smallestScreenSize|screenLayout"
125-->src\main\AndroidManifest.xml:118:13-106
126            android:hardwareAccelerated="true"
126-->src\main\AndroidManifest.xml:119:13-47
127            android:screenOrientation="portrait"
127-->src\main\AndroidManifest.xml:120:13-49
128            android:supportsPictureInPicture="true"
128-->src\main\AndroidManifest.xml:121:13-52
129            android:windowSoftInputMode="stateHidden" />
129-->src\main\AndroidManifest.xml:122:13-54
130        <activity
130-->src\main\AndroidManifest.xml:124:9-129:57
131            android:name="com.jayaraj.CrazyChat7.LoginActs.UserActivity"
131-->src\main\AndroidManifest.xml:125:13-51
132            android:configChanges="orientation|screenSize|keyboardHidden|smallestScreenSize|screenLayout"
132-->src\main\AndroidManifest.xml:126:13-106
133            android:hardwareAccelerated="true"
133-->src\main\AndroidManifest.xml:127:13-47
134            android:supportsPictureInPicture="true"
134-->src\main\AndroidManifest.xml:128:13-52
135            android:windowSoftInputMode="stateHidden" />
135-->src\main\AndroidManifest.xml:129:13-54
136        <activity
136-->src\main\AndroidManifest.xml:130:9-135:57
137            android:name="com.jayaraj.CrazyChat7.HomeActs.HomeActivity"
137-->src\main\AndroidManifest.xml:131:13-50
138            android:configChanges="orientation|screenSize|keyboardHidden|smallestScreenSize|screenLayout"
138-->src\main\AndroidManifest.xml:132:13-106
139            android:hardwareAccelerated="true"
139-->src\main\AndroidManifest.xml:133:13-47
140            android:supportsPictureInPicture="true"
140-->src\main\AndroidManifest.xml:134:13-52
141            android:windowSoftInputMode="stateHidden" />
141-->src\main\AndroidManifest.xml:135:13-54
142        <activity
142-->src\main\AndroidManifest.xml:136:9-141:57
143            android:name="com.jayaraj.CrazyChat7.OtherActs.PermissionsActivity"
143-->src\main\AndroidManifest.xml:137:13-58
144            android:configChanges="orientation|screenSize|keyboardHidden|smallestScreenSize|screenLayout"
144-->src\main\AndroidManifest.xml:138:13-106
145            android:hardwareAccelerated="true"
145-->src\main\AndroidManifest.xml:139:13-47
146            android:supportsPictureInPicture="true"
146-->src\main\AndroidManifest.xml:140:13-52
147            android:windowSoftInputMode="stateHidden" />
147-->src\main\AndroidManifest.xml:141:13-54
148        <activity
148-->src\main\AndroidManifest.xml:142:9-148:57
149            android:name="com.jayaraj.CrazyChat7.HomeActs.AddUserChatActivity"
149-->src\main\AndroidManifest.xml:143:13-57
150            android:configChanges="orientation|screenSize|keyboardHidden|smallestScreenSize|screenLayout"
150-->src\main\AndroidManifest.xml:144:13-106
151            android:hardwareAccelerated="true"
151-->src\main\AndroidManifest.xml:145:13-47
152            android:screenOrientation="portrait"
152-->src\main\AndroidManifest.xml:146:13-49
153            android:supportsPictureInPicture="true"
153-->src\main\AndroidManifest.xml:147:13-52
154            android:windowSoftInputMode="stateHidden" />
154-->src\main\AndroidManifest.xml:148:13-54
155        <activity
155-->src\main\AndroidManifest.xml:149:9-155:57
156            android:name="com.jayaraj.CrazyChat7.ChatHomeActs.ChathomeActivity"
156-->src\main\AndroidManifest.xml:150:13-58
157            android:configChanges="orientation|screenSize|keyboardHidden|smallestScreenSize|screenLayout"
157-->src\main\AndroidManifest.xml:151:13-106
158            android:hardwareAccelerated="true"
158-->src\main\AndroidManifest.xml:152:13-47
159            android:screenOrientation="portrait"
159-->src\main\AndroidManifest.xml:153:13-49
160            android:supportsPictureInPicture="true"
160-->src\main\AndroidManifest.xml:154:13-52
161            android:windowSoftInputMode="stateHidden" />
161-->src\main\AndroidManifest.xml:155:13-54
162        <activity
162-->src\main\AndroidManifest.xml:156:9-162:57
163            android:name="com.jayaraj.CrazyChat7.ImageVidDispActs.MultiPickerActivity"
163-->src\main\AndroidManifest.xml:157:13-65
164            android:configChanges="orientation|screenSize|keyboardHidden|smallestScreenSize|screenLayout"
164-->src\main\AndroidManifest.xml:158:13-106
165            android:hardwareAccelerated="true"
165-->src\main\AndroidManifest.xml:159:13-47
166            android:screenOrientation="portrait"
166-->src\main\AndroidManifest.xml:160:13-49
167            android:supportsPictureInPicture="true"
167-->src\main\AndroidManifest.xml:161:13-52
168            android:windowSoftInputMode="stateHidden" />
168-->src\main\AndroidManifest.xml:162:13-54
169        <activity
169-->src\main\AndroidManifest.xml:163:9-169:57
170            android:name="com.jayaraj.CrazyChat7.ImageVidDispActs.ImagespickerActivity"
170-->src\main\AndroidManifest.xml:164:13-66
171            android:configChanges="orientation|screenSize|keyboardHidden|smallestScreenSize|screenLayout"
171-->src\main\AndroidManifest.xml:165:13-106
172            android:hardwareAccelerated="true"
172-->src\main\AndroidManifest.xml:166:13-47
173            android:screenOrientation="portrait"
173-->src\main\AndroidManifest.xml:167:13-49
174            android:supportsPictureInPicture="true"
174-->src\main\AndroidManifest.xml:168:13-52
175            android:windowSoftInputMode="stateHidden" />
175-->src\main\AndroidManifest.xml:169:13-54
176        <activity
176-->src\main\AndroidManifest.xml:170:9-176:57
177            android:name="com.jayaraj.CrazyChat7.OtherActs.AudioviewActivity"
177-->src\main\AndroidManifest.xml:171:13-56
178            android:configChanges="orientation|screenSize|keyboardHidden|smallestScreenSize|screenLayout"
178-->src\main\AndroidManifest.xml:172:13-106
179            android:hardwareAccelerated="true"
179-->src\main\AndroidManifest.xml:173:13-47
180            android:screenOrientation="portrait"
180-->src\main\AndroidManifest.xml:174:13-49
181            android:supportsPictureInPicture="true"
181-->src\main\AndroidManifest.xml:175:13-52
182            android:windowSoftInputMode="stateHidden" />
182-->src\main\AndroidManifest.xml:176:13-54
183        <activity
183-->src\main\AndroidManifest.xml:177:9-183:57
184            android:name="com.jayaraj.CrazyChat7.OtherActs.TextFullViewActivity"
184-->src\main\AndroidManifest.xml:178:13-59
185            android:configChanges="orientation|screenSize|keyboardHidden|smallestScreenSize|screenLayout"
185-->src\main\AndroidManifest.xml:179:13-106
186            android:hardwareAccelerated="true"
186-->src\main\AndroidManifest.xml:180:13-47
187            android:screenOrientation="portrait"
187-->src\main\AndroidManifest.xml:181:13-49
188            android:supportsPictureInPicture="true"
188-->src\main\AndroidManifest.xml:182:13-52
189            android:windowSoftInputMode="stateHidden" />
189-->src\main\AndroidManifest.xml:183:13-54
190        <activity
190-->src\main\AndroidManifest.xml:184:9-190:57
191            android:name="com.jayaraj.CrazyChat7.OtherActs.ViewfileActivity"
191-->src\main\AndroidManifest.xml:185:13-55
192            android:configChanges="orientation|screenSize|keyboardHidden|smallestScreenSize|screenLayout"
192-->src\main\AndroidManifest.xml:186:13-106
193            android:hardwareAccelerated="true"
193-->src\main\AndroidManifest.xml:187:13-47
194            android:screenOrientation="portrait"
194-->src\main\AndroidManifest.xml:188:13-49
195            android:supportsPictureInPicture="true"
195-->src\main\AndroidManifest.xml:189:13-52
196            android:windowSoftInputMode="stateHidden" />
196-->src\main\AndroidManifest.xml:190:13-54
197        <activity
197-->src\main\AndroidManifest.xml:191:9-196:57
198            android:name="com.jayaraj.CrazyChat7.UnusedActs.UserprofileActivity"
198-->src\main\AndroidManifest.xml:192:13-59
199            android:configChanges="orientation|screenSize|keyboardHidden|smallestScreenSize|screenLayout"
199-->src\main\AndroidManifest.xml:193:13-106
200            android:hardwareAccelerated="true"
200-->src\main\AndroidManifest.xml:194:13-47
201            android:supportsPictureInPicture="true"
201-->src\main\AndroidManifest.xml:195:13-52
202            android:windowSoftInputMode="stateHidden" />
202-->src\main\AndroidManifest.xml:196:13-54
203        <activity
203-->src\main\AndroidManifest.xml:197:9-202:57
204            android:name="com.jayaraj.CrazyChat7.ImageVidDispActs.ImgfullActivity"
204-->src\main\AndroidManifest.xml:198:13-61
205            android:configChanges="orientation|screenSize|keyboardHidden|smallestScreenSize|screenLayout"
205-->src\main\AndroidManifest.xml:199:13-106
206            android:hardwareAccelerated="true"
206-->src\main\AndroidManifest.xml:200:13-47
207            android:supportsPictureInPicture="true"
207-->src\main\AndroidManifest.xml:201:13-52
208            android:windowSoftInputMode="stateHidden" />
208-->src\main\AndroidManifest.xml:202:13-54
209
210        <meta-data
210-->src\main\AndroidManifest.xml:204:9-206:69
211            android:name="com.google.android.gms.version"
211-->src\main\AndroidManifest.xml:205:13-58
212            android:value="@integer/google_play_services_version" />
212-->src\main\AndroidManifest.xml:206:13-66
213
214        <provider
214-->src\main\AndroidManifest.xml:208:9-212:39
215            android:name="com.google.firebase.provider.FirebaseInitProvider"
215-->src\main\AndroidManifest.xml:209:13-77
216            android:authorities="com.jayaraj.CrazyChat7.firebaseinitprovider"
216-->src\main\AndroidManifest.xml:210:13-78
217            android:directBootAware="true"
217-->[com.google.firebase:firebase-common:20.2.0] AndroidManifest.xml:28:13-43
218            android:exported="false"
218-->src\main\AndroidManifest.xml:211:13-37
219            android:initOrder="100" />
219-->src\main\AndroidManifest.xml:212:13-36
220
221        <service
221-->src\main\AndroidManifest.xml:214:9-226:19
222            android:name="com.google.firebase.components.ComponentDiscoveryService"
222-->src\main\AndroidManifest.xml:215:13-84
223            android:directBootAware="true"
223-->[com.google.firebase:firebase-common:20.2.0] AndroidManifest.xml:34:13-43
224            android:exported="false" >
224-->src\main\AndroidManifest.xml:216:13-37
225            <meta-data
225-->src\main\AndroidManifest.xml:217:13-219:85
226                android:name="com.google.firebase.components:com.google.firebase.auth.FirebaseAuthRegistrar"
226-->src\main\AndroidManifest.xml:218:17-109
227                android:value="com.google.firebase.components.ComponentRegistrar" />
227-->src\main\AndroidManifest.xml:219:17-82
228            <meta-data
228-->src\main\AndroidManifest.xml:220:13-222:85
229                android:name="com.google.firebase.components:com.google.firebase.database.DatabaseRegistrar"
229-->src\main\AndroidManifest.xml:221:17-109
230                android:value="com.google.firebase.components.ComponentRegistrar" />
230-->src\main\AndroidManifest.xml:222:17-82
231            <meta-data
231-->src\main\AndroidManifest.xml:223:13-225:85
232                android:name="com.google.firebase.components:com.google.firebase.storage.StorageRegistrar"
232-->src\main\AndroidManifest.xml:224:17-107
233                android:value="com.google.firebase.components.ComponentRegistrar" />
233-->src\main\AndroidManifest.xml:225:17-82
234            <meta-data
234-->[com.google.firebase:firebase-firestore:24.4.1] AndroidManifest.xml:19:13-21:85
235                android:name="com.google.firebase.components:com.google.firebase.firestore.FirestoreRegistrar"
235-->[com.google.firebase:firebase-firestore:24.4.1] AndroidManifest.xml:20:17-111
236                android:value="com.google.firebase.components.ComponentRegistrar" />
236-->[com.google.firebase:firebase-firestore:24.4.1] AndroidManifest.xml:21:17-82
237        </service>
238
239        <uses-library
239-->src\main\AndroidManifest.xml:228:9-230:40
240            android:name="org.apache.http.legacy"
240-->src\main\AndroidManifest.xml:229:13-50
241            android:required="false" /> <!-- <service -->
241-->src\main\AndroidManifest.xml:230:13-37
242        <!-- android:name=".ServicesActs.MyService" -->
243        <!-- android:enabled="true" -->
244        <!-- android:exported="false" -->
245        <!-- android:permission="" /> -->
246        <service
246-->src\main\AndroidManifest.xml:235:9-239:41
247            android:name="com.jayaraj.CrazyChat7.ServicesActs.DbmsgActivity"
247-->src\main\AndroidManifest.xml:236:13-55
248            android:enabled="true"
248-->src\main\AndroidManifest.xml:237:13-35
249            android:exported="false"
249-->src\main\AndroidManifest.xml:238:13-37
250            android:permission="TODO" />
250-->src\main\AndroidManifest.xml:239:13-38
251        <service
251-->src\main\AndroidManifest.xml:240:9-244:41
252            android:name="com.jayaraj.CrazyChat7.ServicesActs.KeepOnlineService"
252-->src\main\AndroidManifest.xml:241:13-59
253            android:enabled="true"
253-->src\main\AndroidManifest.xml:242:13-35
254            android:exported="false"
254-->src\main\AndroidManifest.xml:243:13-37
255            android:permission="TODO" />
255-->src\main\AndroidManifest.xml:244:13-38
256
257        <receiver
257-->src\main\AndroidManifest.xml:246:9-262:20
258            android:name="com.jayaraj.CrazyChat7.ServicesActs.RunAtStartup"
258-->src\main\AndroidManifest.xml:247:13-54
259            android:enabled="true"
259-->src\main\AndroidManifest.xml:248:13-35
260            android:exported="true"
260-->src\main\AndroidManifest.xml:249:13-36
261            android:logo="@drawable/app_icon" >
261-->src\main\AndroidManifest.xml:250:13-46
262            <intent-filter>
262-->src\main\AndroidManifest.xml:251:13-261:29
263                <action android:name="android.intent.action.BOOT_COMPLETED" />
263-->src\main\AndroidManifest.xml:252:17-79
263-->src\main\AndroidManifest.xml:252:25-76
264                <action android:name="android.intent.action.CALL" />
264-->src\main\AndroidManifest.xml:253:17-69
264-->src\main\AndroidManifest.xml:253:25-66
265                <action android:name="android.intent.action.BATTERY_LOW" />
265-->src\main\AndroidManifest.xml:254:17-76
265-->src\main\AndroidManifest.xml:254:25-73
266                <action android:name="android.intent.action.BATTERY_CHANGED" />
266-->src\main\AndroidManifest.xml:255:17-80
266-->src\main\AndroidManifest.xml:255:25-77
267                <action android:name="android.intent.action.BUG_REPORT" />
267-->src\main\AndroidManifest.xml:256:17-75
267-->src\main\AndroidManifest.xml:256:25-72
268                <action android:name="android.intent.action.ACTION_POWER_CONNECTED" />
268-->src\main\AndroidManifest.xml:257:17-87
268-->src\main\AndroidManifest.xml:257:25-84
269                <action android:name="android.intent.action.ACTION_POWER_DISCONNECTED" />
269-->src\main\AndroidManifest.xml:258:17-90
269-->src\main\AndroidManifest.xml:258:25-87
270                <action android:name="android.intent.action.CONNECTIVITY_CHANGE" />
270-->src\main\AndroidManifest.xml:259:17-84
270-->src\main\AndroidManifest.xml:259:25-81
271                <action android:name="android.intent.action.AIRPLANE_MODE" />
271-->src\main\AndroidManifest.xml:260:17-78
271-->src\main\AndroidManifest.xml:260:25-75
272            </intent-filter>
273        </receiver>
274
275        <provider
275-->[androidx.work:work-runtime:2.7.1] AndroidManifest.xml:31:9-39:20
276            android:name="androidx.startup.InitializationProvider"
276-->[androidx.work:work-runtime:2.7.1] AndroidManifest.xml:32:13-67
277            android:authorities="com.jayaraj.CrazyChat7.androidx-startup"
277-->[androidx.work:work-runtime:2.7.1] AndroidManifest.xml:33:13-68
278            android:exported="false" >
278-->[androidx.work:work-runtime:2.7.1] AndroidManifest.xml:34:13-37
279            <meta-data
279-->[androidx.work:work-runtime:2.7.1] AndroidManifest.xml:36:13-38:52
280                android:name="androidx.work.WorkManagerInitializer"
280-->[androidx.work:work-runtime:2.7.1] AndroidManifest.xml:37:17-68
281                android:value="androidx.startup" />
281-->[androidx.work:work-runtime:2.7.1] AndroidManifest.xml:38:17-49
282            <meta-data
282-->[androidx.emoji2:emoji2:1.2.0] AndroidManifest.xml:29:13-31:52
283                android:name="androidx.emoji2.text.EmojiCompatInitializer"
283-->[androidx.emoji2:emoji2:1.2.0] AndroidManifest.xml:30:17-75
284                android:value="androidx.startup" />
284-->[androidx.emoji2:emoji2:1.2.0] AndroidManifest.xml:31:17-49
285            <meta-data
285-->[androidx.lifecycle:lifecycle-process:2.4.1] AndroidManifest.xml:31:13-33:52
286                android:name="androidx.lifecycle.ProcessLifecycleInitializer"
286-->[androidx.lifecycle:lifecycle-process:2.4.1] AndroidManifest.xml:32:17-78
287                android:value="androidx.startup" />
287-->[androidx.lifecycle:lifecycle-process:2.4.1] AndroidManifest.xml:33:17-49
288        </provider>
289
290        <service
290-->[androidx.work:work-runtime:2.7.1] AndroidManifest.xml:41:9-46:35
291            android:name="androidx.work.impl.background.systemalarm.SystemAlarmService"
291-->[androidx.work:work-runtime:2.7.1] AndroidManifest.xml:42:13-88
292            android:directBootAware="false"
292-->[androidx.work:work-runtime:2.7.1] AndroidManifest.xml:43:13-44
293            android:enabled="@bool/enable_system_alarm_service_default"
293-->[androidx.work:work-runtime:2.7.1] AndroidManifest.xml:44:13-72
294            android:exported="false" />
294-->[androidx.work:work-runtime:2.7.1] AndroidManifest.xml:45:13-37
295        <service
295-->[androidx.work:work-runtime:2.7.1] AndroidManifest.xml:47:9-53:35
296            android:name="androidx.work.impl.background.systemjob.SystemJobService"
296-->[androidx.work:work-runtime:2.7.1] AndroidManifest.xml:48:13-84
297            android:directBootAware="false"
297-->[androidx.work:work-runtime:2.7.1] AndroidManifest.xml:49:13-44
298            android:enabled="@bool/enable_system_job_service_default"
298-->[androidx.work:work-runtime:2.7.1] AndroidManifest.xml:50:13-70
299            android:exported="true"
299-->[androidx.work:work-runtime:2.7.1] AndroidManifest.xml:51:13-36
300            android:permission="android.permission.BIND_JOB_SERVICE" />
300-->[androidx.work:work-runtime:2.7.1] AndroidManifest.xml:52:13-69
301        <service
301-->[androidx.work:work-runtime:2.7.1] AndroidManifest.xml:54:9-59:35
302            android:name="androidx.work.impl.foreground.SystemForegroundService"
302-->[androidx.work:work-runtime:2.7.1] AndroidManifest.xml:55:13-81
303            android:directBootAware="false"